Build started 3/18/2015 2:54:52 PM.
     1>Project "C:\Users\Victor\Desktop\Raven-IAG\Buckland_Chapter7 to 10_Raven\Raven.vcxproj" on node 2 (build target(s)).
     1>InitializeBuildStatus:
         Touching ".\Release\Raven.unsuccessfulbuild".
       ClCompile:
         C:\Program Files (x86)\Microsoft Visual Studio 10.0\VC\bin\CL.exe /c /Zi /nologo /W3 /WX- /O2 /Ob1 /Oy- /D WIN32 /D NDEBUG /D _WINDOWS /D _VC80_UPGRADE=0x0600 /D _MBCS /GF /Gm- /EHsc /MT /GS /Gy /fp:precise /Zc:wchar_t /Zc:forScope /Fo".\Release/" /Fd".\Release/vc100.pdb" /FR".\Release\\" /Gd /TP /analyze- /errorReport:prompt Raven_Bot_Z.cpp /Zm200  
         Raven_Bot_Z.cpp
       ResourceCompile:
         All outputs are up-to-date.
       Link:
         C:\Program Files (x86)\Microsoft Visual Studio 10.0\VC\bin\link.exe /ERRORREPORT:PROMPT /OUT:".\Release/Raven.exe" /INCREMENTAL:NO /NOLOGO kernel32.lib user32.lib gdi32.lib winspool.lib comdlg32.lib advapi32.lib shell32.lib ole32.lib oleaut32.lib uuid.lib odbc32.lib odbccp32.lib /MANIFEST /ManifestFile:".\Release\Raven.exe.intermediate.manifest" /MANIFESTUAC:"level='asInvoker' uiAccess='false'" /DEBUG /PDB:".\Release/Raven.pdb" /SUBSYSTEM:WINDOWS /TLBID:1 /DYNAMICBASE:NO /IMPLIB:".\Release\Raven.lib" /MACHINE:X86 .\Release\Script1.res
         .\Release/AttackTargetGoal_Evaluator_Z.obj
         .\Release/ExploreGoal_Evaluator_Z.obj
         .\Release/GetHealthGoal_Evaluator_Z.obj
         .\Release/GetWeaponGoal_Evaluator_Z.obj
         .\Release/Goal_AttackTarget_Z.obj
         .\Release/Goal_DodgeSideToSide_Z.obj
         .\Release/Goal_Explore_Z.obj
         .\Release/Goal_FollowPath_Z.obj
         .\Release/Goal_GetItem_Z.obj
         .\Release/Goal_HuntTarget_Z.obj
         .\Release/Goal_MoveToPosition_Z.obj
         .\Release/Goal_NegotiateDoor_Z.obj
         .\Release/Goal_SeekToPosition_Z.obj
         .\Release/Goal_Think_Z.obj
         .\Release/Goal_TraverseEdge_Z.obj
         .\Release/Goal_Wander_Z.obj
         .\Release/main.obj
         .\Release/Raven_Bot.obj
         .\Release/Raven_Bot_Z.obj
         .\Release/Raven_Game.obj
         .\Release/Raven_Goal_Types_Z.obj
         .\Release/Raven_Map.obj
         .\Release/Raven_Weapon.obj
         .\Release/Weapon_Blaster.obj
         .\Release/Weapon_RailGun.obj
         .\Release/Weapon_RocketLauncher.obj
         .\Release/Weapon_ShotGun.obj
         .\Release/Projectile_Bolt.obj
         .\Release/Projectile_Pellet.obj
         .\Release/Projectile_Rocket.obj
         .\Release/Projectile_Slug.obj
         .\Release/Raven_Projectile.obj
         .\Release/BaseGameEntity.obj
         .\Release/Raven_Scriptor.obj
         .\Release/EntityManager.obj
         .\Release/GraveMarkers.obj
         .\Release/Raven_Door.obj
         .\Release/Raven_UserOptions.obj
         .\Release/Raven_Goal_Types.obj
         .\Release/Goal_AdjustRange.obj
         .\Release/Goal_AttackTarget.obj
         .\Release/Goal_Explore.obj
         .\Release/Goal_FollowPath.obj
         .\Release/Goal_GetItem.obj
         .\Release/Goal_HuntTarget.obj
         .\Release/Goal_MoveToPosition.obj
         .\Release/Goal_NegotiateDoor.obj
         .\Release/Goal_Think.obj
         .\Release/AttackTargetGoal_Evaluator.obj
         .\Release/ExploreGoal_Evaluator.obj
         .\Release/GetHealthGoal_Evaluator.obj
         .\Release/GetWeaponGoal_Evaluator.obj
         .\Release/Raven_Feature.obj
         .\Release/Goal_DodgeSideToSide.obj
         .\Release/Goal_SayPhrase.obj
         .\Release/Goal_SeekToPosition.obj
         .\Release/Goal_TraverseEdge.obj
         .\Release/Goal_Wander.obj
         .\Release/FuzzyModule.obj
         .\Release/FuzzyOperators.obj
         .\Release/FuzzyVariable.obj
         .\Release/FuzzySet_LeftShoulder.obj
         .\Release/FuzzySet_RightShoulder.obj
         .\Release/FuzzySet_Singleton.obj
         .\Release/FuzzySet_Triangle.obj
         .\Release/Raven_PathPlanner.obj
         .\Release/Raven_SteeringBehaviors.obj
         .\Release/MessageDispatcher.obj
         .\Release/Raven_SensoryMemory.obj
         .\Release/Trigger_HealthGiver.obj
         .\Release/Trigger_SoundNotify.obj
         .\Release/Trigger_WeaponGiver.obj
         .\Release/Raven_WeaponSystem.obj
         .\Release/Raven_TargetingSystem.obj
         .\Release/Cgdi.obj
         .\Release/CrudeTimer.obj
         .\Release/DebugConsole.obj
         .\Release/FrameCounter.obj
         .\Release/PrecisionTimer.obj
         .\Release/Vector2d.obj
         .\Release/WindowUtils.obj
     1>Raven_Goal_Types.obj : error LNK2005: "public: static class GoalTypeToString * __cdecl GoalTypeToString::Instance(void)" (?Instance@GoalTypeToString@@SAPAV1@XZ) already defined in Raven_Goal_Types_Z.obj
     1>Raven_Goal_Types.obj : error LNK2005: "public: virtual class std::basic_string<char,struct std::char_traits<char>,class std::allocator<char> > __thiscall GoalTypeToString::Convert(int)" (?Convert@GoalTypeToString@@UAE?AV?$basic_string@DU?$char_traits@D@std@@V?$allocator@D@2@@std@@H@Z) already defined in Raven_Goal_Types_Z.obj
     1>Goal_GetItem.obj : error LNK2005: "int __cdecl ItemTypeToGoalType(int)" (?ItemTypeToGoalType@@YAHH@Z) already defined in Goal_GetItem_Z.obj
     1>AttackTargetGoal_Evaluator_Z.obj : error LNK2019: unresolved external symbol "public: static double __cdecl Raven_Feature_Z::TotalWeaponStrength(class Raven_Bot_Z *)" (?TotalWeaponStrength@Raven_Feature_Z@@SANPAVRaven_Bot_Z@@@Z) referenced in function "public: virtual double __thiscall AttackTargetGoal_Evaluator_Z::CalculateDesirability(class Raven_Bot_Z *)" (?CalculateDesirability@AttackTargetGoal_Evaluator_Z@@UAENPAVRaven_Bot_Z@@@Z)
     1>AttackTargetGoal_Evaluator_Z.obj : error LNK2019: unresolved external symbol "public: static double __cdecl Raven_Feature_Z::Health(class Raven_Bot_Z *)" (?Health@Raven_Feature_Z@@SANPAVRaven_Bot_Z@@@Z) referenced in function "public: virtual double __thiscall AttackTargetGoal_Evaluator_Z::CalculateDesirability(class Raven_Bot_Z *)" (?CalculateDesirability@AttackTargetGoal_Evaluator_Z@@UAENPAVRaven_Bot_Z@@@Z)
     1>GetHealthGoal_Evaluator_Z.obj : error LNK2001: unresolved external symbol "public: static double __cdecl Raven_Feature_Z::Health(class Raven_Bot_Z *)" (?Health@Raven_Feature_Z@@SANPAVRaven_Bot_Z@@@Z)
     1>GetWeaponGoal_Evaluator_Z.obj : error LNK2001: unresolved external symbol "public: static double __cdecl Raven_Feature_Z::Health(class Raven_Bot_Z *)" (?Health@Raven_Feature_Z@@SANPAVRaven_Bot_Z@@@Z)
     1>GetHealthGoal_Evaluator_Z.obj : error LNK2019: unresolved external symbol "public: static double __cdecl Raven_Feature_Z::DistanceToItem(class Raven_Bot_Z *,int)" (?DistanceToItem@Raven_Feature_Z@@SANPAVRaven_Bot_Z@@H@Z) referenced in function "public: virtual double __thiscall GetHealthGoal_Evaluator_Z::CalculateDesirability(class Raven_Bot_Z *)" (?CalculateDesirability@GetHealthGoal_Evaluator_Z@@UAENPAVRaven_Bot_Z@@@Z)
     1>GetWeaponGoal_Evaluator_Z.obj : error LNK2001: unresolved external symbol "public: static double __cdecl Raven_Feature_Z::DistanceToItem(class Raven_Bot_Z *,int)" (?DistanceToItem@Raven_Feature_Z@@SANPAVRaven_Bot_Z@@H@Z)
     1>GetWeaponGoal_Evaluator_Z.obj : error LNK2019: unresolved external symbol "public: static double __cdecl Raven_Feature_Z::IndividualWeaponStrength(class Raven_Bot_Z *,int)" (?IndividualWeaponStrength@Raven_Feature_Z@@SANPAVRaven_Bot_Z@@H@Z) referenced in function "public: virtual double __thiscall GetWeaponGoal_Evaluator_Z::CalculateDesirability(class Raven_Bot_Z *)" (?CalculateDesirability@GetWeaponGoal_Evaluator_Z@@UAENPAVRaven_Bot_Z@@@Z)
     1>.\Release/Raven.exe : fatal error LNK1120: 4 unresolved externals
     1>Done Building Project "C:\Users\Victor\Desktop\Raven-IAG\Buckland_Chapter7 to 10_Raven\Raven.vcxproj" (build target(s)) -- FAILED.

Build FAILED.

Time Elapsed 00:00:01.85
